ucliGUI::start /home/ecelrc/students/blui/vlsi1/lab3/rtl/simv -ucligui 
set ucliGUI::state
set ucliGUI::state
ucliCore::getToolPID
synopsys::env hasTB
trigger_hier_stack_context_switch 0
synUtils::setDVEInitPhase 1
synopsys::dump -type VPD -file /home/ecelrc/students/blui/vlsi1/lab3/rtl/inter.vpd -locking
synopsys::dump -autoflush on -fid VPD2
set ::dve_fid VPD2
synUtils::setDVEInitPhase 0
ucliCore::getToolPID
synUtils::sendTool -active _icl_setToolSocket /tmp/smlnpvF54Z6
synUtils::sendTool -active {_icl_start_rpc -version "T-2022.06_Full64" -sync_file /tmp/vcs_dve_rpc.blui.1445510}
synUtils::sendTool -active {_icl_createSharedMemory /tmp/vcs_dve_general.blui.1445510}
config endofsim noexit
config onfail enable all
config syscaddplainmembers
config syscaddsourcenames
config syscaddstructtypes
synopsys::listing -disable
# Begin_DVE_Session_Save_Info
# DVE restart session
# Saved on Fri Nov 15 14:55:45 2024
# Designs open: 1
#   Sim: /home/ecelrc/students/blui/vlsi1/lab3/rtl/simv
# Toplevel windows open: 2
# 	TopLevel.1
# 	TopLevel.2
#   Source.1: TOP
#   Wave.1: 40 signals
#   Group count = 6
#   Group RX signal count = 11
#   Group Group1 signal count = 7
#   Group TX signal count = 11
#   Group RX_1 signal count = 10
#   Group wishslave signal count = 19
# End_DVE_Session_Save_Info
# DVE version: T-2022.06_Full64
# DVE build date: May 31 2022 20:53:03
#<Session mode="Restart" path=".restartSimSession.tcl" type="Debug">
# Application preferences
#<WindowLayout>
# DVE top-level session
# Create and position top-level window: TopLevel.1
set TopLevel.1 TopLevel.1
# Docked window settings
set HSPane.1 HSPane.1
set Hier.1 Hier.1
set DLPane.1 DLPane.1
set Data.1 Data.1
set Console.1 Console.1
# MDI window settings
set Source.1 Source.1
# End MDI window settings
# Create and position top-level window: TopLevel.2
set TopLevel.2 TopLevel.2
# Docked window settings
# MDI window settings
set Wave.1 Wave.1
# End MDI window settings
#</WindowLayout>
#<Database>
#</Database>
# DVE Global setting session:
# Global: Breakpoints
# Global: Bus
# Global: Expressions
# Global: Signal Time Shift
# Global: Signal Compare
# Global: Signal Groups
synopsys::dump -add {TOP.wishslave} -scope "." -depth 1 -fid VPD2
synopsys::dump -add {TOP.spp.RX} -scope "." -depth 1 -fid VPD2
synopsys::dump -add {TOP.spp.TX} -scope "." -depth 1 -fid VPD2
set _session_group_4 RX
set RX "$_session_group_4"
set _session_group_5 $_session_group_4|
append _session_group_5 TX
set RX|TX "$_session_group_5"
set _session_group_6 Group1
set Group1 "$_session_group_6"
set _session_group_7 TX
set TX "$_session_group_7"
set _session_group_8 RX_1
set RX_1 "$_session_group_8"
set _session_group_9 wishslave
set wishslave "$_session_group_9"
# Global: Highlighting
# Global: Stack
# Post database loading setting...
# Save global setting...
# Wave/List view global setting
# Close all empty TopLevel windows
foreach __top [gui_ekki_get_window_ids -type TopLevel] {     if { [llength [gui_ekki_get_window_ids -parent $__top]] == 0} {         gui_close_window -window $__top     } }
# DVE View/pane content session:
# Hier 'Hier.1'
catch {gui_list_expand -id ${Hier.1} TOP}
catch {gui_list_select -id ${Hier.1} {TOP.wishslave}}
# Data 'Data.1'
# Source 'Source.1'
# View 'Wave.1'
set groupExD [gui_get_pref_value -category Wave -key exclusiveSG]
set origWaveHeight [gui_get_pref_value -category Wave -key waveRowHeight]
set origGroupCreationState [gui_list_create_group_when_add -wave]
synopsys::dump -add {TOP.spp.TX.fifomem } -aggregates  -fid VPD2
synopsys::dump -add {TOP.spp.RX.fifomem } -aggregates  -fid VPD2
if {$origGroupCreationState} { 	gui_list_create_group_when_add -wave -enable }
if { $groupExD } {  gui_msg_report -code DVWW028 }
# Restore toplevel window zorder
# The toplevel window could be closed if it has no view/pane
if {[gui_exist_window -window ${TopLevel.1}]} { 	gui_set_active_window -window ${TopLevel.1} 	gui_set_active_window -window ${Source.1} }
if {[gui_exist_window -window ${TopLevel.2}]} { 	gui_set_active_window -window ${TopLevel.2} 	gui_set_active_window -window ${Wave.1} }
#</Session>
synopsys::run -relative 8000.000000s
set ucliGUI::state
set ucliGUI::state
set ucliGUI::state
set ucliGUI::state
synopsys::run -relative 8000.000000s
set ucliGUI::state
set ucliGUI::state
set ucliGUI::state
set ucliGUI::state
set ucliGUI::state
synopsys::run -relative 8000.000000s
set ucliGUI::state
set ucliGUI::state
set ucliGUI::state
set ucliGUI::state
set ucliGUI::state
