# Preference setting overrides
gui_create_pref_key -category {Globals} -key {load_detail_for_funcov} -value_type {bool} -value {false}

# State setting overrides
gui_state_default_create -off -ini
gui_set_state_value -category Layout -key child_console_size_x -value 1516
gui_set_state_value -category Layout -key child_console_size_y -value 125
gui_set_state_value -category Layout -key child_data_coltype -value 86
gui_set_state_value -category Layout -key child_data_colvalue -value 119
gui_set_state_value -category Layout -key child_data_colvariable -value 163
gui_set_state_value -category Layout -key child_data_size_x -value 324
gui_set_state_value -category Layout -key child_data_size_y -value 645
gui_set_state_value -category Layout -key child_hier_col3 -value {-1}
gui_set_state_value -category Layout -key child_hier_colpd -value 0
gui_set_state_value -category Layout -key child_hier_size_x -value 120
gui_set_state_value -category Layout -key child_hier_size_y -value 645
gui_set_state_value -category Layout -key child_source_docknewline -value false
gui_set_state_value -category Layout -key child_source_pos_x -value {-2}
gui_set_state_value -category Layout -key child_source_pos_y -value {-15}
gui_set_state_value -category Layout -key child_source_size_x -value 1075
gui_set_state_value -category Layout -key child_source_size_y -value 640
gui_set_state_value -category Layout -key child_wave_colname -value 108
gui_set_state_value -category Layout -key child_wave_colvalue -value 108
gui_set_state_value -category Layout -key child_wave_left -value 220
gui_set_state_value -category Layout -key child_wave_right -value 536
gui_set_state_value -category Layout -key main_pos_x -value 8
gui_set_state_value -category Layout -key main_pos_y -value 31
gui_set_state_value -category Layout -key main_size_x -value 1524
gui_set_state_value -category Layout -key main_size_y -value 900
gui_set_state_value -category Layout -key stand_wave_child_docknewline -value false
gui_set_state_value -category Layout -key stand_wave_child_pos_x -value {-2}
gui_set_state_value -category Layout -key stand_wave_child_pos_y -value {-15}
gui_set_state_value -category Layout -key stand_wave_child_size_x -value 766
gui_set_state_value -category Layout -key stand_wave_child_size_y -value 723
gui_set_state_value -category Layout -key stand_wave_top_pos_x -value 789
gui_set_state_value -category Layout -key stand_wave_top_pos_y -value 51
gui_set_state_value -category Layout -key stand_wave_top_size_x -value 1550
gui_set_state_value -category Layout -key stand_wave_top_size_y -value 926
gui_create_state_key -category FindDialog -key m_pMatchCase -value_type bool -value false
gui_create_state_key -category FindDialog -key m_pMatchWord -value_type bool -value false
gui_create_state_key -category FindDialog -key m_pUseCombo -value_type string -value {}
gui_create_state_key -category FindDialog -key m_pWrapAround -value_type bool -value true
gui_create_state_key -category Widget_History -key TopLevel.1|qt_left_dock|DockWnd2|DLPane.1|pages|Data.1|hbox|textfilter -value_type string -value {phi1 phi clear databus}
gui_create_state_key -category Widget_History -key {dlgSimSetup|m_setupTab|tab pages|SimTab|m_VPDCombo} -value_type string -value inter.vpd
gui_create_state_key -category Widget_History -key {dlgSimSetup|m_setupTab|tab pages|SimTab|m_argsCombo} -value_type string -value {{-ucligui }}
gui_create_state_key -category Widget_History -key {dlgSimSetup|m_setupTab|tab pages|SimTab|m_curDirCombo} -value_type string -value /home/ecelrc/students/blui/vlsi1/lab3/rtl
gui_create_state_key -category Widget_History -key {dlgSimSetup|m_setupTab|tab pages|SimTab|m_exeCombo} -value_type string -value {./simv /home/ecelrc/students/blui/vlsi1/lab3/rtl/simv}
gui_state_default_create -off

# Begin command logging
gui_sim_run Ucli -exe ./simv -args {-ucligui  } -dir .
gui_list_select -id Data.1 -selected  { {TOP.R0_U[31:0]}   }
gui_list_select -id Data.1 -selected  { {TOP.R0_U[31:0]}  {TOP.R1_U[31:0]}   }
gui_list_select -id Data.1 -selected  { {TOP.R0_U[31:0]}  {TOP.R1_U[31:0]}  {TOP.R3_U[31:0]}   }
gui_list_select -id Data.1 -selected  { {TOP.R0_U[31:0]}  {TOP.R1_U[31:0]}  {TOP.R3_U[31:0]}  {TOP.R2_U[31:0]}   }
gui_list_select -id Data.1 -selected  { {TOP.R0_U[31:0]}  {TOP.R1_U[31:0]}  {TOP.R3_U[31:0]}  {TOP.R2_U[31:0]}  {TOP.R4_U[31:0]}   }
gui_list_select -id Data.1 -selected  { {TOP.R0_U[31:0]}  {TOP.R1_U[31:0]}  {TOP.R3_U[31:0]}  {TOP.R2_U[31:0]}  {TOP.R4_U[31:0]}  {TOP.R5_U[31:0]}   }
gui_list_select -id Data.1 -selected  { {TOP.R0_U[31:0]}  {TOP.R1_U[31:0]}  {TOP.R3_U[31:0]}  {TOP.R2_U[31:0]}  {TOP.R4_U[31:0]}  {TOP.R5_U[31:0]}  {TOP.R6_U[31:0]}   }
gui_open_window Wave
gui_list_add -id Wave.1 -from Data.1 { {TOP.R0_U[31:0]} {TOP.R1_U[31:0]} {TOP.R2_U[31:0]} {TOP.R3_U[31:0]} {TOP.R4_U[31:0]} {TOP.R5_U[31:0]} {TOP.R6_U[31:0]} } -insertionbar
gui_sim_continue 1000 
gui_sim_continue 1000 
gui_sim_continue 1000 
gui_sim_continue 1000 
gui_sim_continue 1000 
gui_sim_continue 1000 
gui_sim_continue 1000 
gui_sim_continue 1000 
gui_sim_continue 1000 
gui_sim_continue 1000 
gui_sim_continue 1000 
gui_sim_continue 1000 
gui_sim_continue 1000 
gui_sim_continue 1000 
gui_sim_continue 1000 
gui_sim_continue 1000 
gui_sim_continue 1000 
gui_sim_continue 1000 
gui_sim_continue 1000 
gui_sim_continue 1000 
gui_close_window -window TopLevel.2
gui_list_select -id Data.1 -selected  { {TOP.R0_U[31:0]}  {TOP.R1_U[31:0]}  {TOP.R3_U[31:0]}  {TOP.R2_U[31:0]}  {TOP.R4_U[31:0]}  {TOP.R5_U[31:0]}  {TOP.R6_U[31:0]}  TOP.phi1   }
gui_list_select -id Data.1 -selected  { {TOP.R0_U[31:0]}  {TOP.R1_U[31:0]}  {TOP.R3_U[31:0]}  {TOP.R2_U[31:0]}  {TOP.R4_U[31:0]}  {TOP.R5_U[31:0]}  {TOP.R6_U[31:0]}  TOP.phi1  TOP.clear   }
gui_list_select -id Data.1 -selected  { {TOP.R0_U[31:0]}  {TOP.R1_U[31:0]}  {TOP.R3_U[31:0]}  {TOP.R2_U[31:0]}  {TOP.R4_U[31:0]}  {TOP.R5_U[31:0]}  {TOP.R6_U[31:0]}  TOP.phi1  TOP.clear  TOP.phi2   }
gui_list_select -id Data.1 -selected  { {TOP.R0_U[31:0]}  {TOP.R1_U[31:0]}  {TOP.R3_U[31:0]}  {TOP.R2_U[31:0]}  {TOP.R4_U[31:0]}  {TOP.R5_U[31:0]}  {TOP.R6_U[31:0]}  TOP.phi1  TOP.phi2   }
gui_open_window Wave
gui_list_add -id Wave.1 -from Data.1 { {TOP.R0_U[31:0]} {TOP.R1_U[31:0]} {TOP.R2_U[31:0]} {TOP.R3_U[31:0]} {TOP.R4_U[31:0]} {TOP.R5_U[31:0]} {TOP.R6_U[31:0]} TOP.phi1 TOP.phi2 } -insertionbar
gui_list_select -id Data.1 -selected  { TOP.clk   }
gui_list_add -id Wave.1 -from Data.1 { TOP.clk } -insertionbar
gui_set_env SIMSETUP::SIMCURRENTDIR /home/ecelrc/students/blui/vlsi1/lab3/rtl
gui_sim_restart
gui_sim_continue 1000 
gui_sim_continue 1000 
gui_wv_scroll_hslidermove -id  Wave.1 2756
gui_wv_scroll_hslidermove -id  Wave.1 0
gui_wv_scroll_hslidermove -id  Wave.1 0
gui_wv_scroll_hslidermove -id  Wave.1 0
gui_wv_scroll_hslidermove -id  Wave.1 81
gui_wv_scroll_hslidermove -id  Wave.1 0
gui_marker_move -id  Wave.1 C1 40
gui_sim_continue 1000 
gui_sim_continue 1000 
gui_sim_continue 1000 
gui_sim_continue 1000 
gui_sim_continue 1000 
gui_sim_continue 1000 
gui_sim_continue 1000 
gui_sim_continue 1000 
gui_sim_continue 1000 
gui_sim_continue 1000 
gui_sim_continue 1000 
gui_sim_continue 1000 
gui_sim_continue 1000 
gui_sim_continue 1000 
gui_sim_continue 1000 
gui_wv_scroll_hslidermove -id  Wave.1 0
